2020-05-22 17:34:41 - root - ERROR: - [Errno 2] No such file or directory: '../testdata/login/12.yml'
2020-05-25 16:53:06 - root - INFO: - call login_pwd_error method.
2020-05-25 16:53:06 - root - INFO: - call login_user_error method.
2020-05-25 16:55:09 - root - INFO: - call login_pwd_error method.
2020-05-25 16:55:09 - root - INFO: - call login_user_error method.
2020-05-25 16:55:59 - root - INFO: - call login_pwd_error method.
2020-05-25 16:55:59 - root - INFO: - call login_user_error method.
2020-05-25 16:56:10 - root - INFO: - call login_pwd_error method.
2020-05-25 16:56:10 - root - INFO: - call login_user_error method.
2020-05-25 16:57:33 - root - INFO: - call login_pwd_error method.
2020-05-25 16:57:33 - root - INFO: - call login_user_error method.
2020-05-25 16:58:01 - root - INFO: - call login_pwd_error method.
2020-05-25 16:58:01 - root - INFO: - call login_user_error method.
2020-05-25 16:58:20 - root - INFO: - call login_pwd_error method.
2020-05-25 16:58:20 - root - INFO: - call login_user_error method.
2020-05-25 16:58:34 - root - INFO: - call login_pwd_error method.
2020-05-25 16:58:34 - root - INFO: - call login_user_error method.
2020-05-25 16:58:47 - root - INFO: - call login_pwd_error method.
2020-05-25 16:58:47 - root - INFO: - call login_user_error method.
2020-05-25 16:59:00 - root - INFO: - call login_pwd_error method.
2020-05-25 16:59:00 - root - INFO: - call login_user_error method.
2020-05-25 16:59:08 - root - INFO: - call login_pwd_error method.
2020-05-25 16:59:08 - root - INFO: - call login_user_error method.
2020-05-25 16:59:23 - root - INFO: - call login_pwd_error method.
2020-05-25 16:59:23 - root - INFO: - call login_user_error method.
2020-05-25 17:00:49 - root - INFO: - call login_pwd_error method.
2020-05-25 17:00:49 - root - INFO: - call login_user_error method.
2020-05-25 17:01:06 - root - INFO: - call login_pwd_error method.
2020-05-25 17:01:06 - root - INFO: - call login_user_error method.
2020-05-25 17:01:21 - root - INFO: - call login_pwd_error method.
2020-05-25 17:01:21 - root - INFO: - call login_user_error method.
2020-05-25 17:07:11 - root - INFO: - call login_pwd_error method.
2020-05-25 17:07:11 - root - INFO: - call login_user_error method.
2020-05-25 17:10:04 - root - INFO: - call login_pwd_error method.
2020-05-25 17:10:04 - root - INFO: - call login_user_error method.
2020-05-25 17:10:25 - root - INFO: - call login_pwd_error method.
2020-05-25 17:10:25 - root - INFO: - call login_user_error method.
2020-05-25 17:11:28 - root - INFO: - call login_pwd_error method.
2020-05-25 17:11:28 - root - INFO: - call login_user_error method.
2020-05-25 17:12:26 - root - INFO: - call login_pwd_error method.
2020-05-25 17:12:26 - root - INFO: - call login_user_error method.
2020-05-25 17:13:39 - root - INFO: - call login_pwd_error method.
2020-05-25 17:13:39 - root - INFO: - call login_user_error method.
2020-05-25 17:24:33 - root - INFO: - call login_pwd_error method.
2020-05-25 17:24:33 - root - INFO: - call login_user_error method.
2020-05-25 17:28:35 - root - INFO: - call login_pwd_error method.
2020-05-25 17:28:35 - root - INFO: - call login_user_error method.
2020-05-25 17:29:04 - root - INFO: - call login_pwd_error method.
2020-05-25 17:29:04 - root - INFO: - call login_user_error method.
2020-05-25 17:29:19 - root - INFO: - call login_pwd_error method.
2020-05-25 17:29:19 - root - INFO: - call login_user_error method.
2020-05-25 17:29:46 - root - INFO: - call login_pwd_error method.
2020-05-25 17:29:46 - root - INFO: - call login_user_error method.
2020-05-25 17:30:25 - root - INFO: - call login_pwd_error method.
2020-05-25 17:30:25 - root - INFO: - call login_user_error method.
2020-05-25 17:31:31 - root - INFO: - call login_pwd_error method.
2020-05-25 17:31:31 - root - INFO: - call login_user_error method.
2020-05-25 17:37:07 - root - INFO: - call login_pwd_error method.
2020-05-25 17:37:07 - root - INFO: - call login_user_error method.
2020-05-26 12:19:16 - root - INFO: - call login_pwd_error method.
2020-05-26 12:19:16 - root - INFO: - call login_user_error method.
2020-05-26 12:19:22 - root - ERROR: - Message: Service C:\Program Files (x86)\Google\Chrome\Application\chrome.exe unexpectedly exited. Status code was: 0

2020-05-26 12:19:46 - root - INFO: - call login_pwd_error method.
2020-05-26 12:19:46 - root - INFO: - call login_user_error method.
2020-05-26 12:20:35 - root - INFO: - call login_pwd_error method.
2020-05-26 12:20:35 - root - INFO: - call login_user_error method.
2020-05-26 12:21:13 - root - INFO: - call login_pwd_error method.
2020-05-26 12:21:13 - root - INFO: - call login_user_error method.
2020-05-26 12:21:17 - root - INFO: - call login_pwd_error method.
2020-05-26 12:21:17 - root - INFO: - call login_user_error method.
2020-05-26 12:22:02 - root - INFO: - call login_pwd_error method.
2020-05-26 12:22:02 - root - INFO: - call login_user_error method.
2020-05-26 12:22:09 - root - INFO: - call login_pwd_error method.
2020-05-26 12:22:09 - root - INFO: - call login_user_error method.
2020-05-26 12:27:04 - root - INFO: - call login_pwd_error method.
2020-05-26 12:27:04 - root - INFO: - call login_user_error method.
2020-05-26 12:29:27 - root - INFO: - call login_pwd_error method.
2020-05-26 12:29:27 - root - INFO: - call login_user_error method.
2020-05-26 12:29:41 - root - INFO: - call login_pwd_error method.
2020-05-26 12:29:41 - root - INFO: - call login_user_error method.
2020-05-26 12:37:27 - root - INFO: - call login_pwd_error method.
2020-05-26 12:37:27 - root - INFO: - call login_user_error method.
2020-05-26 12:38:26 - root - INFO: - call login_pwd_error method.
2020-05-26 12:38:26 - root - INFO: - call login_user_error method.
2020-05-26 12:38:45 - root - INFO: - call login_pwd_error method.
2020-05-26 12:38:45 - root - INFO: - call login_user_error method.
2020-05-26 12:38:45 - root - INFO: - call login_pwd_error method.
2020-05-26 12:38:45 - root - INFO: - call login_user_error method.
2020-05-26 12:39:23 - root - INFO: - call login_pwd_error method.
2020-05-26 12:39:23 - root - INFO: - call login_user_error method.
2020-05-26 12:40:34 - root - INFO: - call login_pwd_error method.
2020-05-26 12:40:34 - root - INFO: - call login_user_error method.
2020-05-26 12:41:07 - root - INFO: - call login_pwd_error method.
2020-05-26 12:41:07 - root - INFO: - call login_user_error method.
2020-05-26 12:46:12 - root - INFO: - call login_pwd_error method.
2020-05-26 12:46:12 - root - INFO: - call login_user_error method.
2020-05-26 12:46:40 - root - INFO: - call login_pwd_error method.
2020-05-26 12:46:40 - root - INFO: - call login_user_error method.
2020-05-26 12:53:31 - root - INFO: - call login_pwd_error method.
2020-05-26 12:53:31 - root - INFO: - call login_user_error method.
2020-05-26 13:00:42 - root - INFO: - call login_pwd_error method.
2020-05-26 13:00:42 - root - INFO: - call login_user_error method.
2020-05-26 13:01:40 - root - INFO: - call login_pwd_error method.
2020-05-26 13:01:40 - root - INFO: - call login_user_error method.
2020-05-26 13:07:35 - root - INFO: - call login_pwd_error method.
2020-05-26 13:07:35 - root - INFO: - call login_user_error method.
2020-05-26 13:07:55 - root - INFO: - call login_pwd_error method.
2020-05-26 13:07:55 - root - INFO: - call login_user_error method.
2020-05-26 13:08:41 - root - INFO: - call login_pwd_error method.
2020-05-26 13:08:41 - root - INFO: - call login_user_error method.
2020-05-26 13:26:57 - root - INFO: - call login_pwd_error method.
2020-05-26 13:26:57 - root - INFO: - call login_user_error method.
2020-05-26 13:27:26 - root - INFO: - call login_pwd_error method.
2020-05-26 13:27:26 - root - INFO: - call login_user_error method.
2020-05-26 13:28:59 - root - INFO: - call login_pwd_error method.
2020-05-26 13:28:59 - root - INFO: - call login_user_error method.
2020-05-26 13:30:04 - root - INFO: - call login_pwd_error method.
2020-05-26 13:30:04 - root - INFO: - call login_user_error method.
2020-05-26 13:31:36 - root - INFO: - call login_pwd_error method.
2020-05-26 13:31:36 - root - INFO: - call login_user_error method.
2020-05-26 13:34:11 - root - INFO: - call login_pwd_error method.
2020-05-26 13:34:11 - root - INFO: - call login_user_error method.
2020-05-26 13:34:38 - root - INFO: - call login_pwd_error method.
2020-05-26 13:34:38 - root - INFO: - call login_user_error method.
2020-05-26 13:36:05 - root - INFO: - call login_pwd_error method.
2020-05-26 13:36:05 - root - INFO: - call login_user_error method.
2020-05-26 13:36:21 - root - INFO: - call login_pwd_error method.
2020-05-26 13:36:21 - root - INFO: - call login_user_error method.
2020-05-26 13:37:11 - root - INFO: - call login_pwd_error method.
2020-05-26 13:37:11 - root - INFO: - call login_user_error method.
2020-05-26 13:37:43 - root - INFO: - call login_pwd_error method.
2020-05-26 13:37:43 - root - INFO: - call login_user_error method.
2020-05-26 13:38:15 - root - INFO: - call login_pwd_error method.
2020-05-26 13:38:15 - root - INFO: - call login_user_error method.
2020-05-26 13:38:30 - root - INFO: - call login_pwd_error method.
2020-05-26 13:38:30 - root - INFO: - call login_user_error method.
2020-05-26 13:39:12 - root - INFO: - call login_pwd_error method.
2020-05-26 13:39:12 - root - INFO: - call login_user_error method.
2020-05-26 13:39:17 - root - ERROR: - Message: unknown error: cannot determine loading status
from disconnected: received Inspector.detached event
  (Session info: chrome=83.0.4103.61)
  (Driver info: chromedriver=2.42.591088 (7b2b2dca23cca0862f674758c9a3933e685c27d5),platform=Windows NT 10.0.14393 x86_64)

2020-05-26 13:39:48 - root - INFO: - call login_pwd_error method.
2020-05-26 13:39:48 - root - INFO: - call login_user_error method.
2020-05-26 13:39:58 - root - INFO: - call login_pwd_error method.
2020-05-26 13:39:58 - root - INFO: - call login_user_error method.
2020-05-26 13:40:09 - root - ERROR: - Message: session not created
from chrome not reachable
  (Session info: chrome=83.0.4103.61)
  (Driver info: chromedriver=2.42.591088 (7b2b2dca23cca0862f674758c9a3933e685c27d5),platform=Windows NT 10.0.14393 x86_64)

2020-05-26 13:40:15 - root - INFO: - call login_pwd_error method.
2020-05-26 13:40:15 - root - INFO: - call login_user_error method.
2020-05-26 13:41:12 - root - INFO: - call login_pwd_error method.
2020-05-26 13:41:12 - root - INFO: - call login_user_error method.
2020-05-26 13:41:30 - root - INFO: - call login_pwd_error method.
2020-05-26 13:41:30 - root - INFO: - call login_user_error method.
2020-05-26 13:42:19 - root - INFO: - call login_pwd_error method.
2020-05-26 13:42:19 - root - INFO: - call login_user_error method.
2020-05-26 13:42:31 - root - ERROR: - Message: session not created
from chrome not reachable
  (Session info: chrome=83.0.4103.61)
  (Driver info: chromedriver=2.42.591088 (7b2b2dca23cca0862f674758c9a3933e685c27d5),platform=Windows NT 10.0.14393 x86_64)

2020-05-26 13:43:28 - root - INFO: - call login_pwd_error method.
2020-05-26 13:43:28 - root - INFO: - call login_user_error method.
2020-05-26 13:44:11 - root - INFO: - call login_pwd_error method.
2020-05-26 13:44:11 - root - INFO: - call login_user_error method.
2020-05-26 13:44:39 - root - INFO: - call login_pwd_error method.
2020-05-26 13:44:39 - root - INFO: - call login_user_error method.
2020-05-26 13:45:01 - root - INFO: - call login_pwd_error method.
2020-05-26 13:45:01 - root - INFO: - call login_user_error method.
2020-05-26 13:45:25 - root - INFO: - call login_pwd_error method.
2020-05-26 13:45:25 - root - INFO: - call login_user_error method.
2020-05-26 13:45:53 - root - INFO: - call login_pwd_error method.
2020-05-26 13:45:53 - root - INFO: - call login_user_error method.
2020-05-26 13:46:30 - root - INFO: - call login_pwd_error method.
2020-05-26 13:46:30 - root - INFO: - call login_user_error method.
2020-05-26 13:46:50 - root - INFO: - call login_pwd_error method.
2020-05-26 13:46:50 - root - INFO: - call login_user_error method.
2020-05-26 13:47:48 - root - INFO: - call login_pwd_error method.
2020-05-26 13:47:48 - root - INFO: - call login_user_error method.
2020-05-26 13:48:36 - root - INFO: - call login_pwd_error method.
2020-05-26 13:48:36 - root - INFO: - call login_user_error method.
2020-05-26 13:49:25 - root - INFO: - call login_pwd_error method.
2020-05-26 13:49:25 - root - INFO: - call login_user_error method.
2020-05-26 13:53:22 - root - INFO: - call login_pwd_error method.
2020-05-26 13:53:22 - root - INFO: - call login_user_error method.
2020-05-26 13:55:34 - root - INFO: - call login_pwd_error method.
2020-05-26 13:55:34 - root - INFO: - call login_user_error method.
2020-05-26 13:57:16 - root - INFO: - call login_pwd_error method.
2020-05-26 13:57:16 - root - INFO: - call login_user_error method.
2020-05-26 14:00:05 - root - INFO: - call login_pwd_error method.
2020-05-26 14:00:05 - root - INFO: - call login_user_error method.
2020-05-26 14:07:21 - root - INFO: - call login_pwd_error method.
2020-05-26 14:07:21 - root - INFO: - call login_user_error method.
2020-05-26 14:09:52 - root - INFO: - call login_pwd_error method.
2020-05-26 14:09:52 - root - INFO: - call login_user_error method.
2020-05-26 14:10:23 - root - INFO: - call login_pwd_error method.
2020-05-26 14:10:23 - root - INFO: - call login_user_error method.
2020-05-26 14:11:18 - root - INFO: - call login_pwd_error method.
2020-05-26 14:11:18 - root - INFO: - call login_user_error method.
2020-05-26 14:11:59 - root - INFO: - call login_pwd_error method.
2020-05-26 14:11:59 - root - INFO: - call login_user_error method.
2020-05-26 14:21:49 - root - INFO: - call login_pwd_error method.
2020-05-26 14:21:49 - root - INFO: - call login_user_error method.
2020-05-26 14:22:32 - root - INFO: - call login_pwd_error method.
2020-05-26 14:22:32 - root - INFO: - call login_user_error method.
2020-05-26 14:41:50 - root - INFO: - call login_pwd_error method.
2020-05-26 14:41:50 - root - INFO: - call login_user_error method.
2020-05-26 14:44:29 - root - INFO: - call login_pwd_error method.
2020-05-26 14:44:29 - root - INFO: - call login_user_error method.
2020-05-26 14:45:29 - root - INFO: - call login_pwd_error method.
2020-05-26 14:45:29 - root - INFO: - call login_user_error method.
2020-05-26 14:45:55 - root - INFO: - call login_pwd_error method.
2020-05-26 14:45:55 - root - INFO: - call login_user_error method.
2020-05-26 14:46:45 - root - INFO: - call login_pwd_error method.
2020-05-26 14:46:45 - root - INFO: - call login_user_error method.
2020-05-26 14:52:01 - root - INFO: - call login_pwd_error method.
2020-05-26 14:52:01 - root - INFO: - call login_user_error method.
2020-05-26 14:54:34 - root - INFO: - call login_pwd_error method.
2020-05-26 14:54:34 - root - INFO: - call login_user_error method.
2020-05-26 14:54:59 - root - INFO: - call login_pwd_error method.
2020-05-26 14:54:59 - root - INFO: - call login_user_error method.
2020-05-26 16:20:43 - root - INFO: - call login_pwd_error method.
2020-05-26 16:20:43 - root - INFO: - call login_user_error method.
2020-05-26 16:28:01 - root - INFO: - call login_pwd_error method.
2020-05-26 16:28:01 - root - INFO: - call login_user_error method.
2020-05-26 16:30:39 - root - INFO: - call login_pwd_error method.
2020-05-26 16:30:39 - root - INFO: - call login_user_error method.
2020-05-26 16:31:33 - root - INFO: - call login_pwd_error method.
2020-05-26 16:31:33 - root - INFO: - call login_user_error method.
2020-05-26 16:34:28 - root - INFO: - call login_pwd_error method.
2020-05-26 16:34:28 - root - INFO: - call login_user_error method.
2020-05-26 16:35:04 - root - INFO: - call login_pwd_error method.
2020-05-26 16:35:04 - root - INFO: - call login_user_error method.
2020-05-26 16:37:55 - root - INFO: - call login_pwd_error method.
2020-05-26 16:37:55 - root - INFO: - call login_user_error method.
2020-05-26 16:42:57 - root - INFO: - call login_pwd_error method.
2020-05-26 16:42:57 - root - INFO: - call login_user_error method.
2020-05-26 16:44:58 - root - INFO: - call login_pwd_error method.
2020-05-26 16:44:58 - root - INFO: - call login_user_error method.
2020-05-26 16:46:34 - root - INFO: - call login_pwd_error method.
2020-05-26 16:46:34 - root - INFO: - call login_user_error method.
2020-05-26 16:46:57 - root - INFO: - call login_pwd_error method.
2020-05-26 16:46:57 - root - INFO: - call login_user_error method.
2020-05-26 16:52:02 - root - INFO: - call login_pwd_error method.
2020-05-26 16:52:02 - root - INFO: - call login_user_error method.
2020-05-26 16:52:44 - root - INFO: - call login_pwd_error method.
2020-05-26 16:52:44 - root - INFO: - call login_user_error method.
2020-05-26 16:53:27 - root - INFO: - call login_pwd_error method.
2020-05-26 16:53:27 - root - INFO: - call login_user_error method.
2020-05-26 16:54:39 - root - INFO: - call login_pwd_error method.
2020-05-26 16:54:39 - root - INFO: - call login_user_error method.
2020-05-26 16:55:10 - root - INFO: - call login_pwd_error method.
2020-05-26 16:55:10 - root - INFO: - call login_user_error method.
2020-05-26 16:56:21 - root - INFO: - call login_pwd_error method.
2020-05-26 16:56:21 - root - INFO: - call login_user_error method.
2020-05-26 16:56:37 - root - INFO: - find the element ('class name', 'topnav') success.
2020-05-26 16:57:15 - root - INFO: - call login_pwd_error method.
2020-05-26 16:57:15 - root - INFO: - call login_user_error method.
2020-05-26 16:57:31 - root - INFO: - find the element ('class name', 'topnav') success.
2020-05-26 16:57:47 - root - INFO: - call login_pwd_error method.
2020-05-26 16:57:47 - root - INFO: - call login_user_error method.
2020-05-26 16:58:03 - root - INFO: - find the element ('class name', 'topnav') success.
2020-05-26 17:00:05 - root - INFO: - call login_pwd_error method.
2020-05-26 17:00:05 - root - INFO: - call login_user_error method.
2020-05-26 17:00:21 - root - INFO: - find the element ('class name', 'mini-tab-text') success.
2020-05-26 18:17:56 - root - INFO: - call login_pwd_error method.
2020-05-26 18:17:56 - root - INFO: - call login_user_error method.
2020-05-26 18:18:12 - root - INFO: - find the element ('class name', 'mini-tab-text') success.
2020-05-26 18:28:38 - root - INFO: - call login_pwd_error method.
2020-05-26 18:28:38 - root - INFO: - call login_user_error method.
2020-05-26 18:28:44 - root - INFO: - find the element ('id', 'password') success.
2020-05-26 18:28:50 - root - INFO: - find the element ('id', 'username') success.
2020-05-26 18:28:56 - root - INFO: - find the element ('id', 'loginbtn') success.
2020-05-26 18:29:03 - root - INFO: - find the element ('class name', 'mini-tab-text') success.
2020-05-26 18:57:17 - root - INFO: - call login_pwd_error method.
2020-05-26 18:57:17 - root - INFO: - call login_user_error method.
2020-05-26 18:57:24 - root - INFO: - find the element ('id', 'password') success.
2020-05-26 18:57:27 - root - INFO: - find the element ('id', 'username') success.
2020-05-26 18:57:30 - root - INFO: - find the element ('id', 'loginbtn') success.
2020-05-26 18:57:34 - root - INFO: - find the element ('class name', 'mini-tab-text') success.
2020-05-26 19:12:42 - root - INFO: - find the element ('id', 'password') success.
2020-05-26 19:12:45 - root - INFO: - find the element ('id', 'username') success.
2020-05-26 19:12:48 - root - INFO: - find the element ('id', 'loginbtn') success.
2020-05-26 19:12:52 - root - INFO: - find the element ('class name', 'mini-tab-text') success.
2020-05-26 19:13:01 - root - INFO: - find the element ('id', 'password') success.
2020-05-26 19:13:04 - root - INFO: - find the element ('id', 'username') success.
2020-05-26 19:13:07 - root - INFO: - find the element ('id', 'loginbtn') success.
2020-05-26 19:13:11 - root - INFO: - find the element ('class name', 'mini-tab-text') success.
2020-05-26 19:14:55 - root - INFO: - find the element ('id', 'password') success.
2020-05-26 19:14:58 - root - INFO: - find the element ('id', 'username') success.
2020-05-26 19:15:01 - root - INFO: - find the element ('id', 'loginbtn') success.
2020-05-26 19:15:06 - root - INFO: - find the element ('class name', 'mini-tab-text') success.
2020-05-26 19:15:14 - root - INFO: - find the element ('id', 'password') success.
2020-05-26 19:15:17 - root - INFO: - find the element ('id', 'username') success.
2020-05-26 19:15:21 - root - INFO: - find the element ('id', 'loginbtn') success.
2020-05-26 19:15:25 - root - INFO: - find the element ('class name', 'mini-tab-text') success.
2020-05-26 19:38:22 - root - INFO: - find the element ('id', 'password') success.
2020-05-26 19:38:25 - root - INFO: - find the element ('id', 'username') success.
2020-05-26 19:38:28 - root - INFO: - find the element ('id', 'loginbtn') success.
2020-05-26 19:38:32 - root - INFO: - find the element ('class name', 'mini-tab-text') success.
2020-05-26 19:38:40 - root - INFO: - find the element ('id', 'password') success.
2020-05-26 19:38:43 - root - INFO: - find the element ('id', 'username') success.
2020-05-26 19:38:46 - root - INFO: - find the element ('id', 'loginbtn') success.
2020-05-26 19:38:50 - root - INFO: - find the element ('class name', 'mini-tab-text') success.
2020-05-26 19:40:43 - root - INFO: - find the element ('id', 'password') success.
2020-05-26 19:40:43 - root - INFO: - find the element ('id', 'username') success.
2020-05-26 19:40:43 - root - INFO: - find the element ('id', 'loginbtn') success.
2020-05-26 19:40:45 - root - INFO: - find the element ('class name', 'mini-tab-text') success.
2020-05-26 19:40:51 - root - INFO: - find the element ('id', 'password') success.
2020-05-26 19:40:51 - root - INFO: - find the element ('id', 'username') success.
2020-05-26 19:40:51 - root - INFO: - find the element ('id', 'loginbtn') success.
2020-05-26 19:40:53 - root - INFO: - find the element ('class name', 'mini-tab-text') success.
2020-05-26 19:48:34 - root - INFO: - find the element ('id', 'password') success.
2020-05-26 19:48:34 - root - INFO: - find the element ('id', 'username') success.
2020-05-26 19:48:34 - root - INFO: - find the element ('id', 'loginbtn') success.
2020-05-26 19:48:36 - root - INFO: - find the element ('class name', 'mini-tab-text') success.
2020-05-26 19:49:32 - root - INFO: - find the element ('id', 'password') success.
2020-05-26 19:49:32 - root - INFO: - find the element ('id', 'username') success.
2020-05-26 19:49:32 - root - INFO: - find the element ('id', 'loginbtn') success.
2020-05-26 19:49:33 - root - INFO: - find the element ('class name', 'mini-tab-text') success.
2020-05-26 19:54:07 - root - INFO: - find the element ('id', 'password') success.
2020-05-26 19:54:07 - root - INFO: - find the element ('id', 'username') success.
2020-05-26 19:54:07 - root - INFO: - find the element ('id', 'loginbtn') success.
2020-05-26 19:54:08 - root - INFO: - find the element ('class name', 'mini-tab-text') success.
2020-05-26 20:06:16 - root - INFO: - find the element ('id', 'password') success.
2020-05-26 20:06:16 - root - INFO: - find the element ('id', 'username') success.
2020-05-26 20:06:16 - root - INFO: - find the element ('id', 'loginbtn') success.
2020-05-26 20:06:18 - root - INFO: - find the element ('class name', 'mini-tab-text') success.
2020-05-26 20:06:24 - root - INFO: - find the element ('id', 'password') success.
2020-05-26 20:06:24 - root - INFO: - find the element ('id', 'username') success.
2020-05-26 20:06:24 - root - INFO: - find the element ('id', 'loginbtn') success.
2020-05-26 20:06:26 - root - INFO: - find the element ('class name', 'mini-tab-text') success.
2020-05-26 20:08:54 - root - INFO: - find the element ('id', 'password') success.
2020-05-26 20:08:54 - root - INFO: - find the element ('id', 'username') success.
2020-05-26 20:08:54 - root - INFO: - find the element ('id', 'loginbtn') success.
2020-05-26 20:08:56 - root - INFO: - find the element ('class name', 'mini-tab-text') success.
2020-05-26 20:09:01 - root - INFO: - find the element ('id', 'password') success.
2020-05-26 20:09:01 - root - INFO: - find the element ('id', 'username') success.
2020-05-26 20:09:01 - root - INFO: - find the element ('id', 'loginbtn') success.
2020-05-26 20:09:03 - root - INFO: - find the element ('class name', 'mini-tab-text') success.
2020-05-26 20:09:11 - root - INFO: - find the element ('partial link text', '个人办公') success.
2020-05-26 20:14:56 - root - INFO: - find the element ('id', 'password') success.
2020-05-26 20:14:56 - root - INFO: - find the element ('id', 'username') success.
2020-05-26 20:14:56 - root - INFO: - find the element ('id', 'loginbtn') success.
2020-05-26 20:14:58 - root - INFO: - find the element ('class name', 'mini-tab-text') success.
2020-05-26 20:15:04 - root - INFO: - find the element ('id', 'password') success.
2020-05-26 20:15:04 - root - INFO: - find the element ('id', 'username') success.
2020-05-26 20:15:04 - root - INFO: - find the element ('id', 'loginbtn') success.
2020-05-26 20:15:05 - root - INFO: - find the element ('class name', 'mini-tab-text') success.
2020-05-26 20:15:17 - root - INFO: - find the element ('partial link text', '个人办公') success.
2020-05-27 08:21:09 - root - INFO: - find the element ('id', 'password') success.
2020-05-27 08:21:09 - root - INFO: - find the element ('id', 'username') success.
2020-05-27 08:21:09 - root - INFO: - find the element ('id', 'loginbtn') success.
2020-05-27 08:21:11 - root - INFO: - find the element ('class name', 'mini-tab-text') success.
2020-05-27 08:21:16 - root - INFO: - find the element ('id', 'password') success.
2020-05-27 08:21:16 - root - INFO: - find the element ('id', 'username') success.
2020-05-27 08:21:16 - root - INFO: - find the element ('id', 'loginbtn') success.
2020-05-27 08:21:18 - root - INFO: - find the element ('class name', 'mini-tab-text') success.
2020-05-27 08:21:19 - root - INFO: - find the element ('xpath', "//*[@data-id='2']") success.
2020-05-27 08:21:19 - root - INFO: - find the element ('xpath', "//*[@id='14$cell$1']/div/div/span/span[2]") success.
2020-05-27 08:21:19 - root - INFO: - find the element ('xpath', "//*[@id='35$cell$1']/div/div/span[3]/span[2]") success.
2020-05-27 10:26:33 - root - INFO: - find the element ('id', 'password') success.
2020-05-27 10:26:33 - root - INFO: - find the element ('id', 'username') success.
2020-05-27 10:26:33 - root - INFO: - find the element ('id', 'loginbtn') success.
2020-05-27 10:26:35 - root - INFO: - find the element ('class name', 'mini-tab-text') success.
2020-05-27 10:26:39 - root - INFO: - find the element ('id', 'password') success.
2020-05-27 10:26:39 - root - INFO: - find the element ('id', 'username') success.
2020-05-27 10:26:39 - root - INFO: - find the element ('id', 'loginbtn') success.
2020-05-27 10:26:41 - root - INFO: - find the element ('class name', 'mini-tab-text') success.
2020-05-27 10:26:42 - root - INFO: - find the element ('xpath', "//*[@data-id='2']") success.
2020-05-27 10:26:42 - root - INFO: - find the element ('xpath', "//*[@id='14$cell$1']/div/div/span/span[2]") success.
2020-05-27 10:26:42 - root - INFO: - find the element ('xpath', "//*[@id='35$cell$1']/div/div/span[3]/span[2]") success.
2020-05-27 10:26:46 - root - INFO: - find the element ('xpath', "//*[@class='mini-tab-text']") success.
2020-05-27 10:28:49 - root - INFO: - find the element ('id', 'password') success.
2020-05-27 10:28:49 - root - INFO: - find the element ('id', 'username') success.
2020-05-27 10:28:49 - root - INFO: - find the element ('id', 'loginbtn') success.
2020-05-27 10:28:51 - root - INFO: - find the element ('class name', 'mini-tab-text') success.
2020-05-27 10:28:57 - root - INFO: - find the element ('id', 'password') success.
2020-05-27 10:28:57 - root - INFO: - find the element ('id', 'username') success.
2020-05-27 10:28:57 - root - INFO: - find the element ('id', 'loginbtn') success.
2020-05-27 10:28:59 - root - INFO: - find the element ('class name', 'mini-tab-text') success.
2020-05-27 10:29:01 - root - INFO: - find the element ('xpath', "//*[@data-id='2']") success.
2020-05-27 10:29:02 - root - INFO: - find the element ('xpath', "//*[@id='14$cell$1']/div/div/span/span[2]") success.
2020-05-27 10:29:02 - root - INFO: - find the element ('xpath', "//*[@id='35$cell$1']/div/div/span[3]/span[2]") success.
2020-05-27 10:29:05 - root - INFO: - find the element ('xpath', "//*[@class='mini-tab-text']") success.
2020-05-27 10:30:28 - root - INFO: - find the element ('id', 'password') success.
2020-05-27 10:30:28 - root - INFO: - find the element ('id', 'username') success.
2020-05-27 10:30:28 - root - INFO: - find the element ('id', 'loginbtn') success.
2020-05-27 10:30:30 - root - INFO: - find the element ('class name', 'mini-tab-text') success.
2020-05-27 10:30:36 - root - INFO: - find the element ('id', 'password') success.
2020-05-27 10:30:36 - root - INFO: - find the element ('id', 'username') success.
2020-05-27 10:30:36 - root - INFO: - find the element ('id', 'loginbtn') success.
2020-05-27 10:30:38 - root - INFO: - find the element ('class name', 'mini-tab-text') success.
2020-05-27 10:30:39 - root - INFO: - find the element ('xpath', "//*[@data-id='2']") success.
2020-05-27 10:30:39 - root - INFO: - find the element ('xpath', "//*[@id='14$cell$1']/div/div/span/span[2]") success.
2020-05-27 10:30:39 - root - INFO: - find the element ('xpath', "//*[@id='35$cell$1']/div/div/span[3]/span[2]") success.
2020-05-27 10:31:35 - root - INFO: - find the element ('id', 'password') success.
2020-05-27 10:31:35 - root - INFO: - find the element ('id', 'username') success.
2020-05-27 10:31:35 - root - INFO: - find the element ('id', 'loginbtn') success.
2020-05-27 10:31:37 - root - INFO: - find the element ('class name', 'mini-tab-text') success.
2020-05-27 10:31:43 - root - INFO: - find the element ('id', 'password') success.
2020-05-27 10:31:43 - root - INFO: - find the element ('id', 'username') success.
2020-05-27 10:31:43 - root - INFO: - find the element ('id', 'loginbtn') success.
2020-05-27 10:31:45 - root - INFO: - find the element ('class name', 'mini-tab-text') success.
2020-05-27 10:31:46 - root - INFO: - find the element ('xpath', "//*[@data-id='2']") success.
2020-05-27 10:31:46 - root - INFO: - find the element ('xpath', "//*[@id='14$cell$1']/div/div/span/span[2]") success.
2020-05-27 10:31:46 - root - INFO: - find the element ('xpath', "//*[@id='35$cell$1']/div/div/span[3]/span[2]") success.
2020-05-27 10:32:37 - root - INFO: - find the element ('id', 'password') success.
2020-05-27 10:32:37 - root - INFO: - find the element ('id', 'username') success.
2020-05-27 10:32:37 - root - INFO: - find the element ('id', 'loginbtn') success.
2020-05-27 10:32:39 - root - INFO: - find the element ('class name', 'mini-tab-text') success.
2020-05-27 10:32:45 - root - INFO: - find the element ('id', 'password') success.
2020-05-27 10:32:45 - root - INFO: - find the element ('id', 'username') success.
2020-05-27 10:32:45 - root - INFO: - find the element ('id', 'loginbtn') success.
2020-05-27 10:32:46 - root - INFO: - find the element ('class name', 'mini-tab-text') success.
2020-05-27 10:32:47 - root - INFO: - find the element ('xpath', "//*[@data-id='2']") success.
2020-05-27 10:32:48 - root - INFO: - find the element ('xpath', "//*[@id='14$cell$1']/div/div/span/span[2]") success.
2020-05-27 10:32:48 - root - INFO: - find the element ('xpath', "//*[@id='35$cell$1']/div/div/span[3]/span[2]") success.
2020-05-27 10:32:51 - root - INFO: - find the element ('xpath', "//*[@class='mini-tab-text']") success.
2020-05-27 17:58:28 - root - INFO: - find the element ('id', 'password') success.
2020-05-27 17:58:28 - root - INFO: - find the element ('id', 'username') success.
2020-05-27 17:58:29 - root - INFO: - find the element ('id', 'loginbtn') success.
2020-05-27 17:58:30 - root - INFO: - find the element ('class name', 'mini-tab-text') success.
2020-05-27 17:58:36 - root - INFO: - find the element ('id', 'password') success.
2020-05-27 17:58:36 - root - INFO: - find the element ('id', 'username') success.
2020-05-27 17:58:36 - root - INFO: - find the element ('id', 'loginbtn') success.
2020-05-27 17:58:38 - root - INFO: - find the element ('class name', 'mini-tab-text') success.
2020-05-27 17:58:39 - root - INFO: - find the element ('xpath', "//*[@data-id='2']") success.
2020-05-27 17:58:40 - root - INFO: - find the element ('xpath', "//*[@id='14$cell$1']/div/div/span/span[2]") success.
2020-05-27 17:58:40 - root - INFO: - find the element ('xpath', "//*[@id='35$cell$1']/div/div/span[3]/span[2]") success.
